<?xml version="1.0" encoding="UTF-8"?>
<testsuite name="ru.netology.AppOrderPositiveTest" tests="7" skipped="0" failures="0" errors="0" timestamp="2023-08-15T12:28:13" hostname="VENTURE" time="30.315">
  <properties/>
  <testcase name="test0()" classname="ru.netology.AppOrderPositiveTest" time="9.806"/>
  <testcase name="test1()" classname="ru.netology.AppOrderPositiveTest" time="3.831"/>
  <testcase name="test2()" classname="ru.netology.AppOrderPositiveTest" time="3.245"/>
  <testcase name="test3()" classname="ru.netology.AppOrderPositiveTest" time="3.249"/>
  <testcase name="test4()" classname="ru.netology.AppOrderPositiveTest" time="3.223"/>
  <testcase name="test5()" classname="ru.netology.AppOrderPositiveTest" time="3.304"/>
  <testcase name="test6()" classname="ru.netology.AppOrderPositiveTest" time="3.643"/>
  <system-out><![CDATA[]]></system-out>
  <system-err><![CDATA[авг. 15, 2023 3:28:15 PM org.openqa.selenium.manager.SeleniumManager lambda$runCommand$2
WARNING: Error getting version of chromedriver 115. Retrying with chromedriver 114 (attempt 1/5)
SLF4J: No SLF4J providers were found.
SLF4J: Defaulting to no-operation (NOP) logger implementation
SLF4J: See https://www.slf4j.org/codes.html#noProviders for further details.
Starting ChromeDriver 114.0.5735.90 (386bc09e8f4f2e025eddae123f36f6263096ae49-refs/branch-heads/5735@{#1052}) on port 15980
Only local connections are allowed.
Please see https://chromedriver.chromium.org/security-considerations for suggestions on keeping ChromeDriver safe.
ChromeDriver was started successfully.
[1692102500.254][WARNING]: This version of ChromeDriver has not been tested with Chrome version 115.
авг. 15, 2023 3:28:21 PM org.openqa.selenium.devtools.CdpVersionFinder findNearestMatch
WARNING: Unable to find an exact match for CDP version 115, so returning the closest version found: 111
Starting ChromeDriver 114.0.5735.90 (386bc09e8f4f2e025eddae123f36f6263096ae49-refs/branch-heads/5735@{#1052}) on port 12572
Only local connections are allowed.
Please see https://chromedriver.chromium.org/security-considerations for suggestions on keeping ChromeDriver safe.
ChromeDriver was started successfully.
[1692102505.151][WARNING]: This version of ChromeDriver has not been tested with Chrome version 115.
авг. 15, 2023 3:28:26 PM org.openqa.selenium.devtools.CdpVersionFinder findNearestMatch
WARNING: Unable to find an exact match for CDP version 115, so returning the closest version found: 111
Starting ChromeDriver 114.0.5735.90 (386bc09e8f4f2e025eddae123f36f6263096ae49-refs/branch-heads/5735@{#1052}) on port 7914
Only local connections are allowed.
Please see https://chromedriver.chromium.org/security-considerations for suggestions on keeping ChromeDriver safe.
ChromeDriver was started successfully.
[1692102508.841][WARNING]: This version of ChromeDriver has not been tested with Chrome version 115.
авг. 15, 2023 3:28:29 PM org.openqa.selenium.devtools.CdpVersionFinder findNearestMatch
WARNING: Unable to find an exact match for CDP version 115, so returning the closest version found: 111
Starting ChromeDriver 114.0.5735.90 (386bc09e8f4f2e025eddae123f36f6263096ae49-refs/branch-heads/5735@{#1052}) on port 9899
Only local connections are allowed.
Please see https://chromedriver.chromium.org/security-considerations for suggestions on keeping ChromeDriver safe.
ChromeDriver was started successfully.
[1692102511.988][WARNING]: This version of ChromeDriver has not been tested with Chrome version 115.
авг. 15, 2023 3:28:32 PM org.openqa.selenium.devtools.CdpVersionFinder findNearestMatch
WARNING: Unable to find an exact match for CDP version 115, so returning the closest version found: 111
Starting ChromeDriver 114.0.5735.90 (386bc09e8f4f2e025eddae123f36f6263096ae49-refs/branch-heads/5735@{#1052}) on port 4942
Only local connections are allowed.
Please see https://chromedriver.chromium.org/security-considerations for suggestions on keeping ChromeDriver safe.
ChromeDriver was started successfully.
[1692102515.382][WARNING]: This version of ChromeDriver has not been tested with Chrome version 115.
авг. 15, 2023 3:28:35 PM org.openqa.selenium.devtools.CdpVersionFinder findNearestMatch
WARNING: Unable to find an exact match for CDP version 115, so returning the closest version found: 111
Starting ChromeDriver 114.0.5735.90 (386bc09e8f4f2e025eddae123f36f6263096ae49-refs/branch-heads/5735@{#1052}) on port 17094
Only local connections are allowed.
Please see https://chromedriver.chromium.org/security-considerations for suggestions on keeping ChromeDriver safe.
ChromeDriver was started successfully.
[1692102518.553][WARNING]: This version of ChromeDriver has not been tested with Chrome version 115.
авг. 15, 2023 3:28:39 PM org.openqa.selenium.devtools.CdpVersionFinder findNearestMatch
WARNING: Unable to find an exact match for CDP version 115, so returning the closest version found: 111
Starting ChromeDriver 114.0.5735.90 (386bc09e8f4f2e025eddae123f36f6263096ae49-refs/branch-heads/5735@{#1052}) on port 6239
Only local connections are allowed.
Please see https://chromedriver.chromium.org/security-considerations for suggestions on keeping ChromeDriver safe.
ChromeDriver was started successfully.
[1692102522.049][WARNING]: This version of ChromeDriver has not been tested with Chrome version 115.
авг. 15, 2023 3:28:42 PM org.openqa.selenium.devtools.CdpVersionFinder findNearestMatch
WARNING: Unable to find an exact match for CDP version 115, so returning the closest version found: 111
]]></system-err>
</testsuite>
