<?xml version="1.0" encoding="UTF-8"?>
<testsuite name="ru.netology.AppOrderPositiveTest" tests="7" skipped="0" failures="0" errors="0" timestamp="2023-08-15T14:52:43" hostname="VENTURE" time="17.254">
  <properties/>
  <testcase name="test0()" classname="ru.netology.AppOrderPositiveTest" time="2.318"/>
  <testcase name="test1()" classname="ru.netology.AppOrderPositiveTest" time="2.663"/>
  <testcase name="test2()" classname="ru.netology.AppOrderPositiveTest" time="2.303"/>
  <testcase name="test3()" classname="ru.netology.AppOrderPositiveTest" time="2.307"/>
  <testcase name="test4()" classname="ru.netology.AppOrderPositiveTest" time="2.341"/>
  <testcase name="test5()" classname="ru.netology.AppOrderPositiveTest" time="2.371"/>
  <testcase name="test6()" classname="ru.netology.AppOrderPositiveTest" time="2.936"/>
  <system-out><![CDATA[]]></system-out>
  <system-err><![CDATA[Starting ChromeDriver 114.0.5735.90 (386bc09e8f4f2e025eddae123f36f6263096ae49-refs/branch-heads/5735@{#1052}) on port 19441
Only local connections are allowed.
Please see https://chromedriver.chromium.org/security-considerations for suggestions on keeping ChromeDriver safe.
ChromeDriver was started successfully.
[1692111164.675][WARNING]: This version of ChromeDriver has not been tested with Chrome version 115.
авг. 15, 2023 5:52:44 PM org.openqa.selenium.devtools.CdpVersionFinder findNearestMatch
WARNING: Unable to find an exact match for CDP version 115, so returning the closest version found: 111
Starting ChromeDriver 114.0.5735.90 (386bc09e8f4f2e025eddae123f36f6263096ae49-refs/branch-heads/5735@{#1052}) on port 32365
Only local connections are allowed.
Please see https://chromedriver.chromium.org/security-considerations for suggestions on keeping ChromeDriver safe.
ChromeDriver was started successfully.
[1692111167.120][WARNING]: This version of ChromeDriver has not been tested with Chrome version 115.
авг. 15, 2023 5:52:47 PM org.openqa.selenium.devtools.CdpVersionFinder findNearestMatch
WARNING: Unable to find an exact match for CDP version 115, so returning the closest version found: 111
Starting ChromeDriver 114.0.5735.90 (386bc09e8f4f2e025eddae123f36f6263096ae49-refs/branch-heads/5735@{#1052}) on port 7552
Only local connections are allowed.
Please see https://chromedriver.chromium.org/security-considerations for suggestions on keeping ChromeDriver safe.
ChromeDriver was started successfully.
[1692111169.647][WARNING]: This version of ChromeDriver has not been tested with Chrome version 115.
авг. 15, 2023 5:52:49 PM org.openqa.selenium.devtools.CdpVersionFinder findNearestMatch
WARNING: Unable to find an exact match for CDP version 115, so returning the closest version found: 111
Starting ChromeDriver 114.0.5735.90 (386bc09e8f4f2e025eddae123f36f6263096ae49-refs/branch-heads/5735@{#1052}) on port 41103
Only local connections are allowed.
Please see https://chromedriver.chromium.org/security-considerations for suggestions on keeping ChromeDriver safe.
ChromeDriver was started successfully.
[1692111171.934][WARNING]: This version of ChromeDriver has not been tested with Chrome version 115.
авг. 15, 2023 5:52:52 PM org.openqa.selenium.devtools.CdpVersionFinder findNearestMatch
WARNING: Unable to find an exact match for CDP version 115, so returning the closest version found: 111
Starting ChromeDriver 114.0.5735.90 (386bc09e8f4f2e025eddae123f36f6263096ae49-refs/branch-heads/5735@{#1052}) on port 33032
Only local connections are allowed.
Please see https://chromedriver.chromium.org/security-considerations for suggestions on keeping ChromeDriver safe.
ChromeDriver was started successfully.
[1692111174.288][WARNING]: This version of ChromeDriver has not been tested with Chrome version 115.
авг. 15, 2023 5:52:54 PM org.openqa.selenium.devtools.CdpVersionFinder findNearestMatch
WARNING: Unable to find an exact match for CDP version 115, so returning the closest version found: 111
Starting ChromeDriver 114.0.5735.90 (386bc09e8f4f2e025eddae123f36f6263096ae49-refs/branch-heads/5735@{#1052}) on port 47170
Only local connections are allowed.
Please see https://chromedriver.chromium.org/security-considerations for suggestions on keeping ChromeDriver safe.
ChromeDriver was started successfully.
[1692111176.612][WARNING]: This version of ChromeDriver has not been tested with Chrome version 115.
авг. 15, 2023 5:52:56 PM org.openqa.selenium.devtools.CdpVersionFinder findNearestMatch
WARNING: Unable to find an exact match for CDP version 115, so returning the closest version found: 111
Starting ChromeDriver 114.0.5735.90 (386bc09e8f4f2e025eddae123f36f6263096ae49-refs/branch-heads/5735@{#1052}) on port 45744
Only local connections are allowed.
Please see https://chromedriver.chromium.org/security-considerations for suggestions on keeping ChromeDriver safe.
ChromeDriver was started successfully.
[1692111179.048][WARNING]: This version of ChromeDriver has not been tested with Chrome version 115.
авг. 15, 2023 5:52:59 PM org.openqa.selenium.devtools.CdpVersionFinder findNearestMatch
WARNING: Unable to find an exact match for CDP version 115, so returning the closest version found: 111
]]></system-err>
</testsuite>
